<?xml version="1.0" encoding="UTF-8"?>
<!-- Generated by org.testng.reporters.JUnitXMLReporter -->
<testsuite ignored="0" hostname="DESKTOP-G6VU19K" failures="0" tests="19" name="Web" time="1471.143" errors="0" timestamp="2021-02-17T20:00:41 IST">
  <testcase classname="WebTestCases.TC_001_fileupload" name="TC_001_Fileupload" time="69.451"/>
  <testcase classname="WebTestCases.TC_006_ZurichFloodQuote" name="TC_006_zurichFloodQuote" time="115.357"/>
  <testcase classname="WebTestCases.TC_024_SearchPolicyFromSearchBox" name="TC_024_searchPolicyFromSearchBox" time="43.1"/>
  <testcase classname="WebTestCases.TC_025_InsuredWebSiteGuestSignIn" name="TC_025_guestSignIn" time="25.446"/>
  <testcase classname="WebTestCases.TC_026_ClaimInformationPage" name="TC_026_claimInformationPage" time="40.099"/>
  <testcase classname="WebTestCases.TC_027_ClaimInfrmtnPagefromSearchBox" name="TC_027_claimInfrmtnPageFromSearchBox" time="43.068"/>
  <testcase classname="WebTestCases.TC_028_PaymentFromPolicyMntnce" name="TC_028_paymentFromPolicyMntnce" time="102.567"/>
  <testcase classname="WebTestCases.TC_029_TokenNumber" name="TC_029_tokenNumber" time="34.689"/>
  <testcase classname="WebTestCases.TC_030_OpenQuoteandAppPDFs" name="TC_030_openQuoteandAppPDFs" time="133.816"/>
  <testcase classname="WebTestCases.TC_031_NonSkinnedSsoTest" name="TC_031_nonSkinnedSsoTest" time="117.374"/>
  <testcase classname="WebTestCases.TC_032_MPPP" name="TC_032_mppp" time="154.609"/>
  <testcase classname="WebTestCases.TC_033_ExcessFloodQuote" name="TC_033_excessFloodQuote" time="60.446"/>
  <testcase classname="WebTestCases.TC_034_AgentMaintenance" name="TC_034_agentMaintenance" time="34.518"/>
  <testcase classname="WebTestCases.TC_035_ReprintQuoteOrAppWithAppNumber" name="TC_012_reprintQuoteOrAppWithAppNumber" time="45.883"/>
  <testcase classname="WebTestCases.TC_036_HiscoxQuote" name="TC_036_hiscoxQuote" time="75.135"/>
  <testcase classname="WebTestCases.TC_037_InclineFloodQuote" name="TC_038_inclineFloodQuote" time="74.491"/>
  <testcase classname="WebTestCases.TC_038_SFRQuote" name="TC_038_sfrQuote" time="119.288"/>
  <testcase classname="WebTestCases.TC_040_PolicyOverViewOpenClaim" name="TC_040_policyOverViewOpenClaim" time="17.438"/>
  <testcase classname="WebTestCases.TC_041_PRPQuote" name="TC_041_prpQuote" time="147.771"/>
</testsuite> <!-- Web -->
